<?xml version="1.1" encoding="UTF-8"?>
<testsuite name="org.bom.behave2unitgen.example.test.StoryParameterExampleTest" tests="3" failures="0" errors="0" timestamp="2013-07-17T10:02:12" hostname="apples-iMac.local" time="0.0080">
  <properties/>
  <testcase name="aStock" classname="org.bom.behave2unitgen.example.test.StoryParameterExampleTest" time="0.0010"/>
  <testcase name="theStockIsTradedAt" classname="org.bom.behave2unitgen.example.test.StoryParameterExampleTest" time="0.0010"/>
  <testcase name="theAlertStatusShouldBe" classname="org.bom.behave2unitgen.example.test.StoryParameterExampleTest" time="0.0030"/>
  <system-out><![CDATA[]]></system-out>
  <system-err><![CDATA[]]></system-err>
</testsuite>
