<?xml version="1.1" encoding="UTF-8"?>
<testsuite name="org.bom.jbehaveasmunit.junit.StoryNotImplemented_Gen" tests="1" failures="0" errors="0" timestamp="2013-07-17T20:11:56" hostname="apples-iMac.local" time="0.0">
  <properties/>
  <testcase name="testDummy" classname="org.bom.jbehaveasmunit.junit.StoryNotImplemented_Gen" time="0.0"/>
  <system-out><![CDATA[]]></system-out>
  <system-err><![CDATA[]]></system-err>
</testsuite>
